[2025-05-20 18:29:00] laravel.EMERGENCY: Unable to create configured logger. Using emergency logger. {"exception":"[object] (InvalidArgumentException(code: 0): Log [] is not defined. at C:\\Users\\HP PC\\Desktop\\laravel-todo\\vendor\\laravel\\framework\\src\\Illuminate\\Log\\LogManager.php:212)
[stacktrace]
#0 C:\\Users\\HP PC\\Desktop\\laravel-todo\\vendor\\laravel\\framework\\src\\Illuminate\\Log\\LogManager.php(137): Illuminate\\Log\\LogManager->resolve(NULL, NULL)
#1 C:\\Users\\HP PC\\Desktop\\laravel-todo\\vendor\\laravel\\framework\\src\\Illuminate\\Log\\LogManager.php(124): Illuminate\\Log\\LogManager->get(NULL)
#2 C:\\Users\\HP PC\\Desktop\\laravel-todo\\vendor\\laravel\\framework\\src\\Illuminate\\Log\\LogManager.php(681): Illuminate\\Log\\LogManager->driver()
#3 C:\\Users\\HP PC\\Desktop\\laravel-todo\\vendor\\laravel\\framework\\src\\Illuminate\\Foundation\\Exceptions\\Handler.php(317): Illuminate\\Log\\LogManager->error('RecursiveDirect...', Array)
#4 C:\\Users\\HP PC\\Desktop\\laravel-todo\\vendor\\laravel\\framework\\src\\Illuminate\\Foundation\\Exceptions\\Handler.php(278): Illuminate\\Foundation\\Exceptions\\Handler->reportThrowable(Object(ValueError))
#5 C:\\Users\\HP PC\\Desktop\\laravel-todo\\vendor\\laravel\\framework\\src\\Illuminate\\Foundation\\Console\\Kernel.php(523): Illuminate\\Foundation\\Exceptions\\Handler->report(Object(ValueError))
#6 C:\\Users\\HP PC\\Desktop\\laravel-todo\\vendor\\laravel\\framework\\src\\Illuminate\\Foundation\\Console\\Kernel.php(203): Illuminate\\Foundation\\Console\\Kernel->reportException(Object(ValueError))
#7 C:\\Users\\HP PC\\Desktop\\laravel-todo\\artisan(12): Illuminate\\Foundation\\Console\\Kernel->handle(Object(Symfony\\Component\\Console\\Input\\ArgvInput), Object(Symfony\\Component\\Console\\Output\\ConsoleOutput))
#8 {main}
"} 
[2025-05-20 18:29:00] laravel.ERROR: RecursiveDirectoryIterator::__construct(): Argument #1 ($directory) cannot be empty {"exception":"[object] (ValueError(code: 0): RecursiveDirectoryIterator::__construct(): Argument #1 ($directory) cannot be empty at C:\\Users\\HP PC\\Desktop\\laravel-todo\\vendor\\symfony\\finder\\Iterator\\RecursiveDirectoryIterator.php:43)
[stacktrace]
#0 C:\\Users\\HP PC\\Desktop\\laravel-todo\\vendor\\symfony\\finder\\Iterator\\RecursiveDirectoryIterator.php(43): RecursiveDirectoryIterator->__construct('', 4096)
#1 C:\\Users\\HP PC\\Desktop\\laravel-todo\\vendor\\symfony\\finder\\Finder.php(793): Symfony\\Component\\Finder\\Iterator\\RecursiveDirectoryIterator->__construct('', 4096, false)
#2 C:\\Users\\HP PC\\Desktop\\laravel-todo\\vendor\\symfony\\finder\\Finder.php(674): Symfony\\Component\\Finder\\Finder->searchInDirectory('')
#3 C:\\Users\\HP PC\\Desktop\\laravel-todo\\vendor\\laravel\\framework\\src\\Illuminate\\Foundation\\Bootstrap\\LoadConfiguration.php(86): Symfony\\Component\\Finder\\Finder->getIterator()
#4 C:\\Users\\HP PC\\Desktop\\laravel-todo\\vendor\\laravel\\framework\\src\\Illuminate\\Foundation\\Bootstrap\\LoadConfiguration.php(63): Illuminate\\Foundation\\Bootstrap\\LoadConfiguration->getConfigurationFiles(Object(Illuminate\\Foundation\\Application))
#5 C:\\Users\\HP PC\\Desktop\\laravel-todo\\vendor\\laravel\\framework\\src\\Illuminate\\Foundation\\Bootstrap\\LoadConfiguration.php(39): Illuminate\\Foundation\\Bootstrap\\LoadConfiguration->loadConfigurationFiles(Object(Illuminate\\Foundation\\Application), Object(Illuminate\\Config\\Repository))
#6 C:\\Users\\HP PC\\Desktop\\laravel-todo\\vendor\\laravel\\framework\\src\\Illuminate\\Foundation\\Application.php(286): Illuminate\\Foundation\\Bootstrap\\LoadConfiguration->bootstrap(Object(Illuminate\\Foundation\\Application))
#7 C:\\Users\\HP PC\\Desktop\\laravel-todo\\vendor\\laravel\\framework\\src\\Illuminate\\Foundation\\Console\\Kernel.php(447): Illuminate\\Foundation\\Application->bootstrapWith(Array)
#8 C:\\Users\\HP PC\\Desktop\\laravel-todo\\vendor\\laravel\\framework\\src\\Illuminate\\Foundation\\Console\\Kernel.php(199): Illuminate\\Foundation\\Console\\Kernel->bootstrap()
#9 C:\\Users\\HP PC\\Desktop\\laravel-todo\\artisan(12): Illuminate\\Foundation\\Console\\Kernel->handle(Object(Symfony\\Component\\Console\\Input\\ArgvInput), Object(Symfony\\Component\\Console\\Output\\ConsoleOutput))
#10 {main}
"} 
[2025-05-20 16:30:58] laravel.EMERGENCY: Unable to create configured logger. Using emergency logger. {"exception":"[object] (InvalidArgumentException(code: 0): Log [] is not defined. at C:\\Users\\HP PC\\Desktop\\laravel-todo\\vendor\\laravel\\framework\\src\\Illuminate\\Log\\LogManager.php:212)
[stacktrace]
#0 C:\\Users\\HP PC\\Desktop\\laravel-todo\\vendor\\laravel\\framework\\src\\Illuminate\\Log\\LogManager.php(137): Illuminate\\Log\\LogManager->resolve(NULL, NULL)
#1 C:\\Users\\HP PC\\Desktop\\laravel-todo\\vendor\\laravel\\framework\\src\\Illuminate\\Log\\LogManager.php(124): Illuminate\\Log\\LogManager->get(NULL)
#2 C:\\Users\\HP PC\\Desktop\\laravel-todo\\vendor\\laravel\\framework\\src\\Illuminate\\Log\\LogManager.php(681): Illuminate\\Log\\LogManager->driver()
#3 C:\\Users\\HP PC\\Desktop\\laravel-todo\\vendor\\laravel\\framework\\src\\Illuminate\\Foundation\\Exceptions\\Handler.php(317): Illuminate\\Log\\LogManager->error('The C:\\\\Users\\\\HP...', Array)
#4 C:\\Users\\HP PC\\Desktop\\laravel-todo\\vendor\\laravel\\framework\\src\\Illuminate\\Foundation\\Exceptions\\Handler.php(278): Illuminate\\Foundation\\Exceptions\\Handler->reportThrowable(Object(Exception))
#5 C:\\Users\\HP PC\\Desktop\\laravel-todo\\vendor\\laravel\\framework\\src\\Illuminate\\Foundation\\Console\\Kernel.php(523): Illuminate\\Foundation\\Exceptions\\Handler->report(Object(Exception))
#6 C:\\Users\\HP PC\\Desktop\\laravel-todo\\vendor\\laravel\\framework\\src\\Illuminate\\Foundation\\Console\\Kernel.php(203): Illuminate\\Foundation\\Console\\Kernel->reportException(Object(Exception))
#7 C:\\Users\\HP PC\\Desktop\\laravel-todo\\artisan(12): Illuminate\\Foundation\\Console\\Kernel->handle(Object(Symfony\\Component\\Console\\Input\\ArgvInput), Object(Symfony\\Component\\Console\\Output\\ConsoleOutput))
#8 {main}
"} 
[2025-05-20 16:30:58] laravel.ERROR: The C:\Users\HP PC\Desktop\laravel-todo\bootstrap\cache directory must be present and writable. {"exception":"[object] (Exception(code: 0): The C:\\Users\\HP PC\\Desktop\\laravel-todo\\bootstrap\\cache directory must be present and writable. at C:\\Users\\HP PC\\Desktop\\laravel-todo\\vendor\\laravel\\framework\\src\\Illuminate\\Foundation\\PackageManifest.php:178)
[stacktrace]
#0 C:\\Users\\HP PC\\Desktop\\laravel-todo\\vendor\\laravel\\framework\\src\\Illuminate\\Foundation\\PackageManifest.php(137): Illuminate\\Foundation\\PackageManifest->write(Array)
#1 C:\\Users\\HP PC\\Desktop\\laravel-todo\\vendor\\laravel\\framework\\src\\Illuminate\\Foundation\\PackageManifest.php(107): Illuminate\\Foundation\\PackageManifest->build()
#2 C:\\Users\\HP PC\\Desktop\\laravel-todo\\vendor\\laravel\\framework\\src\\Illuminate\\Foundation\\PackageManifest.php(90): Illuminate\\Foundation\\PackageManifest->getManifest()
#3 C:\\Users\\HP PC\\Desktop\\laravel-todo\\vendor\\laravel\\framework\\src\\Illuminate\\Foundation\\PackageManifest.php(79): Illuminate\\Foundation\\PackageManifest->config('aliases')
#4 C:\\Users\\HP PC\\Desktop\\laravel-todo\\vendor\\laravel\\framework\\src\\Illuminate\\Foundation\\Bootstrap\\RegisterFacades.php(26): Illuminate\\Foundation\\PackageManifest->aliases()
#5 C:\\Users\\HP PC\\Desktop\\laravel-todo\\vendor\\laravel\\framework\\src\\Illuminate\\Foundation\\Application.php(286): Illuminate\\Foundation\\Bootstrap\\RegisterFacades->bootstrap(Object(Illuminate\\Foundation\\Application))
#6 C:\\Users\\HP PC\\Desktop\\laravel-todo\\vendor\\laravel\\framework\\src\\Illuminate\\Foundation\\Console\\Kernel.php(447): Illuminate\\Foundation\\Application->bootstrapWith(Array)
#7 C:\\Users\\HP PC\\Desktop\\laravel-todo\\vendor\\laravel\\framework\\src\\Illuminate\\Foundation\\Console\\Kernel.php(199): Illuminate\\Foundation\\Console\\Kernel->bootstrap()
#8 C:\\Users\\HP PC\\Desktop\\laravel-todo\\artisan(12): Illuminate\\Foundation\\Console\\Kernel->handle(Object(Symfony\\Component\\Console\\Input\\ArgvInput), Object(Symfony\\Component\\Console\\Output\\ConsoleOutput))
#9 {main}
"} 
[2025-05-20 16:31:28] laravel.EMERGENCY: Unable to create configured logger. Using emergency logger. {"exception":"[object] (InvalidArgumentException(code: 0): Log [] is not defined. at C:\\Users\\HP PC\\Desktop\\laravel-todo\\vendor\\laravel\\framework\\src\\Illuminate\\Log\\LogManager.php:212)
[stacktrace]
#0 C:\\Users\\HP PC\\Desktop\\laravel-todo\\vendor\\laravel\\framework\\src\\Illuminate\\Log\\LogManager.php(137): Illuminate\\Log\\LogManager->resolve(NULL, NULL)
#1 C:\\Users\\HP PC\\Desktop\\laravel-todo\\vendor\\laravel\\framework\\src\\Illuminate\\Log\\LogManager.php(124): Illuminate\\Log\\LogManager->get(NULL)
#2 C:\\Users\\HP PC\\Desktop\\laravel-todo\\vendor\\laravel\\framework\\src\\Illuminate\\Log\\LogManager.php(681): Illuminate\\Log\\LogManager->driver()
#3 C:\\Users\\HP PC\\Desktop\\laravel-todo\\vendor\\laravel\\framework\\src\\Illuminate\\Foundation\\Exceptions\\Handler.php(317): Illuminate\\Log\\LogManager->error('Target class [f...', Array)
#4 C:\\Users\\HP PC\\Desktop\\laravel-todo\\vendor\\laravel\\framework\\src\\Illuminate\\Foundation\\Exceptions\\Handler.php(278): Illuminate\\Foundation\\Exceptions\\Handler->reportThrowable(Object(Illuminate\\Contracts\\Container\\BindingResolutionException))
#5 C:\\Users\\HP PC\\Desktop\\laravel-todo\\vendor\\laravel\\framework\\src\\Illuminate\\Foundation\\Console\\Kernel.php(523): Illuminate\\Foundation\\Exceptions\\Handler->report(Object(Illuminate\\Contracts\\Container\\BindingResolutionException))
#6 C:\\Users\\HP PC\\Desktop\\laravel-todo\\vendor\\laravel\\framework\\src\\Illuminate\\Foundation\\Console\\Kernel.php(203): Illuminate\\Foundation\\Console\\Kernel->reportException(Object(Illuminate\\Contracts\\Container\\BindingResolutionException))
#7 C:\\Users\\HP PC\\Desktop\\laravel-todo\\artisan(12): Illuminate\\Foundation\\Console\\Kernel->handle(Object(Symfony\\Component\\Console\\Input\\ArgvInput), Object(Symfony\\Component\\Console\\Output\\ConsoleOutput))
#8 {main}
"} 
[2025-05-20 16:31:28] laravel.ERROR: Target class [files] does not exist. {"exception":"[object] (Illuminate\\Contracts\\Container\\BindingResolutionException(code: 0): Target class [files] does not exist. at C:\\Users\\HP PC\\Desktop\\laravel-todo\\vendor\\laravel\\framework\\src\\Illuminate\\Container\\Container.php:914)
[stacktrace]
#0 C:\\Users\\HP PC\\Desktop\\laravel-todo\\vendor\\laravel\\framework\\src\\Illuminate\\Container\\Container.php(795): Illuminate\\Container\\Container->build('files')
#1 C:\\Users\\HP PC\\Desktop\\laravel-todo\\vendor\\laravel\\framework\\src\\Illuminate\\Foundation\\Application.php(986): Illuminate\\Container\\Container->resolve('files', Array, true)
#2 C:\\Users\\HP PC\\Desktop\\laravel-todo\\vendor\\laravel\\framework\\src\\Illuminate\\Container\\Container.php(731): Illuminate\\Foundation\\Application->resolve('files', Array)
#3 C:\\Users\\HP PC\\Desktop\\laravel-todo\\vendor\\laravel\\framework\\src\\Illuminate\\Foundation\\Application.php(971): Illuminate\\Container\\Container->make('files', Array)
#4 C:\\Users\\HP PC\\Desktop\\laravel-todo\\vendor\\laravel\\framework\\src\\Illuminate\\Container\\Container.php(1454): Illuminate\\Foundation\\Application->make('files')
#5 C:\\Users\\HP PC\\Desktop\\laravel-todo\\vendor\\laravel\\framework\\src\\Illuminate\\Foundation\\Application.php(1176): Illuminate\\Container\\Container->offsetGet('files')
#6 C:\\Users\\HP PC\\Desktop\\laravel-todo\\vendor\\laravel\\sanctum\\src\\SanctumServiceProvider.php(82): Illuminate\\Foundation\\Application->routesAreCached()
#7 C:\\Users\\HP PC\\Desktop\\laravel-todo\\vendor\\laravel\\sanctum\\src\\SanctumServiceProvider.php(58): Laravel\\Sanctum\\SanctumServiceProvider->defineRoutes()
#8 C:\\Users\\HP PC\\Desktop\\laravel-todo\\vendor\\laravel\\framework\\src\\Illuminate\\Container\\BoundMethod.php(36): Laravel\\Sanctum\\SanctumServiceProvider->boot()
#9 C:\\Users\\HP PC\\Desktop\\laravel-todo\\vendor\\laravel\\framework\\src\\Illuminate\\Container\\Util.php(41): Illuminate\\Container\\BoundMethod::Illuminate\\Container\\{closure}()
#10 C:\\Users\\HP PC\\Desktop\\laravel-todo\\vendor\\laravel\\framework\\src\\Illuminate\\Container\\BoundMethod.php(93): Illuminate\\Container\\Util::unwrapIfClosure(Object(Closure))
#11 C:\\Users\\HP PC\\Desktop\\laravel-todo\\vendor\\laravel\\framework\\src\\Illuminate\\Container\\BoundMethod.php(37): Illuminate\\Container\\BoundMethod::callBoundMethod(Object(Illuminate\\Foundation\\Application), Array, Object(Closure))
#12 C:\\Users\\HP PC\\Desktop\\laravel-todo\\vendor\\laravel\\framework\\src\\Illuminate\\Container\\Container.php(662): Illuminate\\Container\\BoundMethod::call(Object(Illuminate\\Foundation\\Application), Array, Array, NULL)
#13 C:\\Users\\HP PC\\Desktop\\laravel-todo\\vendor\\laravel\\framework\\src\\Illuminate\\Foundation\\Application.php(1059): Illuminate\\Container\\Container->call(Array)
#14 C:\\Users\\HP PC\\Desktop\\laravel-todo\\vendor\\laravel\\framework\\src\\Illuminate\\Foundation\\Application.php(1040): Illuminate\\Foundation\\Application->bootProvider(Object(Laravel\\Sanctum\\SanctumServiceProvider))
#15 [internal function]: Illuminate\\Foundation\\Application->Illuminate\\Foundation\\{closure}(Object(Laravel\\Sanctum\\SanctumServiceProvider), 3)
#16 C:\\Users\\HP PC\\Desktop\\laravel-todo\\vendor\\laravel\\framework\\src\\Illuminate\\Foundation\\Application.php(1041): array_walk(Array, Object(Closure))
#17 C:\\Users\\HP PC\\Desktop\\laravel-todo\\vendor\\laravel\\framework\\src\\Illuminate\\Foundation\\Bootstrap\\BootProviders.php(17): Illuminate\\Foundation\\Application->boot()
#18 C:\\Users\\HP PC\\Desktop\\laravel-todo\\vendor\\laravel\\framework\\src\\Illuminate\\Foundation\\Application.php(286): Illuminate\\Foundation\\Bootstrap\\BootProviders->bootstrap(Object(Illuminate\\Foundation\\Application))
#19 C:\\Users\\HP PC\\Desktop\\laravel-todo\\vendor\\laravel\\framework\\src\\Illuminate\\Foundation\\Console\\Kernel.php(447): Illuminate\\Foundation\\Application->bootstrapWith(Array)
#20 C:\\Users\\HP PC\\Desktop\\laravel-todo\\vendor\\laravel\\framework\\src\\Illuminate\\Foundation\\Console\\Kernel.php(199): Illuminate\\Foundation\\Console\\Kernel->bootstrap()
#21 C:\\Users\\HP PC\\Desktop\\laravel-todo\\artisan(12): Illuminate\\Foundation\\Console\\Kernel->handle(Object(Symfony\\Component\\Console\\Input\\ArgvInput), Object(Symfony\\Component\\Console\\Output\\ConsoleOutput))
#22 {main}

[previous exception] [object] (ReflectionException(code: -1): Class \"files\" does not exist at C:\\Users\\HP PC\\Desktop\\laravel-todo\\vendor\\laravel\\framework\\src\\Illuminate\\Container\\Container.php:912)
[stacktrace]
#0 C:\\Users\\HP PC\\Desktop\\laravel-todo\\vendor\\laravel\\framework\\src\\Illuminate\\Container\\Container.php(912): ReflectionClass->__construct('files')
#1 C:\\Users\\HP PC\\Desktop\\laravel-todo\\vendor\\laravel\\framework\\src\\Illuminate\\Container\\Container.php(795): Illuminate\\Container\\Container->build('files')
#2 C:\\Users\\HP PC\\Desktop\\laravel-todo\\vendor\\laravel\\framework\\src\\Illuminate\\Foundation\\Application.php(986): Illuminate\\Container\\Container->resolve('files', Array, true)
#3 C:\\Users\\HP PC\\Desktop\\laravel-todo\\vendor\\laravel\\framework\\src\\Illuminate\\Container\\Container.php(731): Illuminate\\Foundation\\Application->resolve('files', Array)
#4 C:\\Users\\HP PC\\Desktop\\laravel-todo\\vendor\\laravel\\framework\\src\\Illuminate\\Foundation\\Application.php(971): Illuminate\\Container\\Container->make('files', Array)
#5 C:\\Users\\HP PC\\Desktop\\laravel-todo\\vendor\\laravel\\framework\\src\\Illuminate\\Container\\Container.php(1454): Illuminate\\Foundation\\Application->make('files')
#6 C:\\Users\\HP PC\\Desktop\\laravel-todo\\vendor\\laravel\\framework\\src\\Illuminate\\Foundation\\Application.php(1176): Illuminate\\Container\\Container->offsetGet('files')
#7 C:\\Users\\HP PC\\Desktop\\laravel-todo\\vendor\\laravel\\sanctum\\src\\SanctumServiceProvider.php(82): Illuminate\\Foundation\\Application->routesAreCached()
#8 C:\\Users\\HP PC\\Desktop\\laravel-todo\\vendor\\laravel\\sanctum\\src\\SanctumServiceProvider.php(58): Laravel\\Sanctum\\SanctumServiceProvider->defineRoutes()
#9 C:\\Users\\HP PC\\Desktop\\laravel-todo\\vendor\\laravel\\framework\\src\\Illuminate\\Container\\BoundMethod.php(36): Laravel\\Sanctum\\SanctumServiceProvider->boot()
#10 C:\\Users\\HP PC\\Desktop\\laravel-todo\\vendor\\laravel\\framework\\src\\Illuminate\\Container\\Util.php(41): Illuminate\\Container\\BoundMethod::Illuminate\\Container\\{closure}()
#11 C:\\Users\\HP PC\\Desktop\\laravel-todo\\vendor\\laravel\\framework\\src\\Illuminate\\Container\\BoundMethod.php(93): Illuminate\\Container\\Util::unwrapIfClosure(Object(Closure))
#12 C:\\Users\\HP PC\\Desktop\\laravel-todo\\vendor\\laravel\\framework\\src\\Illuminate\\Container\\BoundMethod.php(37): Illuminate\\Container\\BoundMethod::callBoundMethod(Object(Illuminate\\Foundation\\Application), Array, Object(Closure))
#13 C:\\Users\\HP PC\\Desktop\\laravel-todo\\vendor\\laravel\\framework\\src\\Illuminate\\Container\\Container.php(662): Illuminate\\Container\\BoundMethod::call(Object(Illuminate\\Foundation\\Application), Array, Array, NULL)
#14 C:\\Users\\HP PC\\Desktop\\laravel-todo\\vendor\\laravel\\framework\\src\\Illuminate\\Foundation\\Application.php(1059): Illuminate\\Container\\Container->call(Array)
#15 C:\\Users\\HP PC\\Desktop\\laravel-todo\\vendor\\laravel\\framework\\src\\Illuminate\\Foundation\\Application.php(1040): Illuminate\\Foundation\\Application->bootProvider(Object(Laravel\\Sanctum\\SanctumServiceProvider))
#16 [internal function]: Illuminate\\Foundation\\Application->Illuminate\\Foundation\\{closure}(Object(Laravel\\Sanctum\\SanctumServiceProvider), 3)
#17 C:\\Users\\HP PC\\Desktop\\laravel-todo\\vendor\\laravel\\framework\\src\\Illuminate\\Foundation\\Application.php(1041): array_walk(Array, Object(Closure))
#18 C:\\Users\\HP PC\\Desktop\\laravel-todo\\vendor\\laravel\\framework\\src\\Illuminate\\Foundation\\Bootstrap\\BootProviders.php(17): Illuminate\\Foundation\\Application->boot()
#19 C:\\Users\\HP PC\\Desktop\\laravel-todo\\vendor\\laravel\\framework\\src\\Illuminate\\Foundation\\Application.php(286): Illuminate\\Foundation\\Bootstrap\\BootProviders->bootstrap(Object(Illuminate\\Foundation\\Application))
#20 C:\\Users\\HP PC\\Desktop\\laravel-todo\\vendor\\laravel\\framework\\src\\Illuminate\\Foundation\\Console\\Kernel.php(447): Illuminate\\Foundation\\Application->bootstrapWith(Array)
#21 C:\\Users\\HP PC\\Desktop\\laravel-todo\\vendor\\laravel\\framework\\src\\Illuminate\\Foundation\\Console\\Kernel.php(199): Illuminate\\Foundation\\Console\\Kernel->bootstrap()
#22 C:\\Users\\HP PC\\Desktop\\laravel-todo\\artisan(12): Illuminate\\Foundation\\Console\\Kernel->handle(Object(Symfony\\Component\\Console\\Input\\ArgvInput), Object(Symfony\\Component\\Console\\Output\\ConsoleOutput))
#23 {main}
"} 
[2025-05-20 16:32:03] laravel.EMERGENCY: Unable to create configured logger. Using emergency logger. {"exception":"[object] (InvalidArgumentException(code: 0): Log [] is not defined. at C:\\Users\\HP PC\\Desktop\\laravel-todo\\vendor\\laravel\\framework\\src\\Illuminate\\Log\\LogManager.php:212)
[stacktrace]
#0 C:\\Users\\HP PC\\Desktop\\laravel-todo\\vendor\\laravel\\framework\\src\\Illuminate\\Log\\LogManager.php(137): Illuminate\\Log\\LogManager->resolve(NULL, NULL)
#1 C:\\Users\\HP PC\\Desktop\\laravel-todo\\vendor\\laravel\\framework\\src\\Illuminate\\Log\\LogManager.php(124): Illuminate\\Log\\LogManager->get(NULL)
#2 C:\\Users\\HP PC\\Desktop\\laravel-todo\\vendor\\laravel\\framework\\src\\Illuminate\\Log\\LogManager.php(681): Illuminate\\Log\\LogManager->driver()
#3 C:\\Users\\HP PC\\Desktop\\laravel-todo\\vendor\\laravel\\framework\\src\\Illuminate\\Foundation\\Exceptions\\Handler.php(317): Illuminate\\Log\\LogManager->error('Target class [f...', Array)
#4 C:\\Users\\HP PC\\Desktop\\laravel-todo\\vendor\\laravel\\framework\\src\\Illuminate\\Foundation\\Exceptions\\Handler.php(278): Illuminate\\Foundation\\Exceptions\\Handler->reportThrowable(Object(Illuminate\\Contracts\\Container\\BindingResolutionException))
#5 C:\\Users\\HP PC\\Desktop\\laravel-todo\\vendor\\laravel\\framework\\src\\Illuminate\\Foundation\\Console\\Kernel.php(523): Illuminate\\Foundation\\Exceptions\\Handler->report(Object(Illuminate\\Contracts\\Container\\BindingResolutionException))
#6 C:\\Users\\HP PC\\Desktop\\laravel-todo\\vendor\\laravel\\framework\\src\\Illuminate\\Foundation\\Console\\Kernel.php(203): Illuminate\\Foundation\\Console\\Kernel->reportException(Object(Illuminate\\Contracts\\Container\\BindingResolutionException))
#7 C:\\Users\\HP PC\\Desktop\\laravel-todo\\artisan(12): Illuminate\\Foundation\\Console\\Kernel->handle(Object(Symfony\\Component\\Console\\Input\\ArgvInput), Object(Symfony\\Component\\Console\\Output\\ConsoleOutput))
#8 {main}
"} 
[2025-05-20 16:32:03] laravel.ERROR: Target class [files] does not exist. {"exception":"[object] (Illuminate\\Contracts\\Container\\BindingResolutionException(code: 0): Target class [files] does not exist. at C:\\Users\\HP PC\\Desktop\\laravel-todo\\vendor\\laravel\\framework\\src\\Illuminate\\Container\\Container.php:914)
[stacktrace]
#0 C:\\Users\\HP PC\\Desktop\\laravel-todo\\vendor\\laravel\\framework\\src\\Illuminate\\Container\\Container.php(795): Illuminate\\Container\\Container->build('files')
#1 C:\\Users\\HP PC\\Desktop\\laravel-todo\\vendor\\laravel\\framework\\src\\Illuminate\\Foundation\\Application.php(986): Illuminate\\Container\\Container->resolve('files', Array, true)
#2 C:\\Users\\HP PC\\Desktop\\laravel-todo\\vendor\\laravel\\framework\\src\\Illuminate\\Container\\Container.php(731): Illuminate\\Foundation\\Application->resolve('files', Array)
#3 C:\\Users\\HP PC\\Desktop\\laravel-todo\\vendor\\laravel\\framework\\src\\Illuminate\\Foundation\\Application.php(971): Illuminate\\Container\\Container->make('files', Array)
#4 C:\\Users\\HP PC\\Desktop\\laravel-todo\\vendor\\laravel\\framework\\src\\Illuminate\\Container\\Container.php(1454): Illuminate\\Foundation\\Application->make('files')
#5 C:\\Users\\HP PC\\Desktop\\laravel-todo\\vendor\\laravel\\framework\\src\\Illuminate\\Foundation\\Application.php(1176): Illuminate\\Container\\Container->offsetGet('files')
#6 C:\\Users\\HP PC\\Desktop\\laravel-todo\\vendor\\laravel\\sanctum\\src\\SanctumServiceProvider.php(82): Illuminate\\Foundation\\Application->routesAreCached()
#7 C:\\Users\\HP PC\\Desktop\\laravel-todo\\vendor\\laravel\\sanctum\\src\\SanctumServiceProvider.php(58): Laravel\\Sanctum\\SanctumServiceProvider->defineRoutes()
#8 C:\\Users\\HP PC\\Desktop\\laravel-todo\\vendor\\laravel\\framework\\src\\Illuminate\\Container\\BoundMethod.php(36): Laravel\\Sanctum\\SanctumServiceProvider->boot()
#9 C:\\Users\\HP PC\\Desktop\\laravel-todo\\vendor\\laravel\\framework\\src\\Illuminate\\Container\\Util.php(41): Illuminate\\Container\\BoundMethod::Illuminate\\Container\\{closure}()
#10 C:\\Users\\HP PC\\Desktop\\laravel-todo\\vendor\\laravel\\framework\\src\\Illuminate\\Container\\BoundMethod.php(93): Illuminate\\Container\\Util::unwrapIfClosure(Object(Closure))
#11 C:\\Users\\HP PC\\Desktop\\laravel-todo\\vendor\\laravel\\framework\\src\\Illuminate\\Container\\BoundMethod.php(37): Illuminate\\Container\\BoundMethod::callBoundMethod(Object(Illuminate\\Foundation\\Application), Array, Object(Closure))
#12 C:\\Users\\HP PC\\Desktop\\laravel-todo\\vendor\\laravel\\framework\\src\\Illuminate\\Container\\Container.php(662): Illuminate\\Container\\BoundMethod::call(Object(Illuminate\\Foundation\\Application), Array, Array, NULL)
#13 C:\\Users\\HP PC\\Desktop\\laravel-todo\\vendor\\laravel\\framework\\src\\Illuminate\\Foundation\\Application.php(1059): Illuminate\\Container\\Container->call(Array)
#14 C:\\Users\\HP PC\\Desktop\\laravel-todo\\vendor\\laravel\\framework\\src\\Illuminate\\Foundation\\Application.php(1040): Illuminate\\Foundation\\Application->bootProvider(Object(Laravel\\Sanctum\\SanctumServiceProvider))
#15 [internal function]: Illuminate\\Foundation\\Application->Illuminate\\Foundation\\{closure}(Object(Laravel\\Sanctum\\SanctumServiceProvider), 3)
#16 C:\\Users\\HP PC\\Desktop\\laravel-todo\\vendor\\laravel\\framework\\src\\Illuminate\\Foundation\\Application.php(1041): array_walk(Array, Object(Closure))
#17 C:\\Users\\HP PC\\Desktop\\laravel-todo\\vendor\\laravel\\framework\\src\\Illuminate\\Foundation\\Bootstrap\\BootProviders.php(17): Illuminate\\Foundation\\Application->boot()
#18 C:\\Users\\HP PC\\Desktop\\laravel-todo\\vendor\\laravel\\framework\\src\\Illuminate\\Foundation\\Application.php(286): Illuminate\\Foundation\\Bootstrap\\BootProviders->bootstrap(Object(Illuminate\\Foundation\\Application))
#19 C:\\Users\\HP PC\\Desktop\\laravel-todo\\vendor\\laravel\\framework\\src\\Illuminate\\Foundation\\Console\\Kernel.php(447): Illuminate\\Foundation\\Application->bootstrapWith(Array)
#20 C:\\Users\\HP PC\\Desktop\\laravel-todo\\vendor\\laravel\\framework\\src\\Illuminate\\Foundation\\Console\\Kernel.php(199): Illuminate\\Foundation\\Console\\Kernel->bootstrap()
#21 C:\\Users\\HP PC\\Desktop\\laravel-todo\\artisan(12): Illuminate\\Foundation\\Console\\Kernel->handle(Object(Symfony\\Component\\Console\\Input\\ArgvInput), Object(Symfony\\Component\\Console\\Output\\ConsoleOutput))
#22 {main}

[previous exception] [object] (ReflectionException(code: -1): Class \"files\" does not exist at C:\\Users\\HP PC\\Desktop\\laravel-todo\\vendor\\laravel\\framework\\src\\Illuminate\\Container\\Container.php:912)
[stacktrace]
#0 C:\\Users\\HP PC\\Desktop\\laravel-todo\\vendor\\laravel\\framework\\src\\Illuminate\\Container\\Container.php(912): ReflectionClass->__construct('files')
#1 C:\\Users\\HP PC\\Desktop\\laravel-todo\\vendor\\laravel\\framework\\src\\Illuminate\\Container\\Container.php(795): Illuminate\\Container\\Container->build('files')
#2 C:\\Users\\HP PC\\Desktop\\laravel-todo\\vendor\\laravel\\framework\\src\\Illuminate\\Foundation\\Application.php(986): Illuminate\\Container\\Container->resolve('files', Array, true)
#3 C:\\Users\\HP PC\\Desktop\\laravel-todo\\vendor\\laravel\\framework\\src\\Illuminate\\Container\\Container.php(731): Illuminate\\Foundation\\Application->resolve('files', Array)
#4 C:\\Users\\HP PC\\Desktop\\laravel-todo\\vendor\\laravel\\framework\\src\\Illuminate\\Foundation\\Application.php(971): Illuminate\\Container\\Container->make('files', Array)
#5 C:\\Users\\HP PC\\Desktop\\laravel-todo\\vendor\\laravel\\framework\\src\\Illuminate\\Container\\Container.php(1454): Illuminate\\Foundation\\Application->make('files')
#6 C:\\Users\\HP PC\\Desktop\\laravel-todo\\vendor\\laravel\\framework\\src\\Illuminate\\Foundation\\Application.php(1176): Illuminate\\Container\\Container->offsetGet('files')
#7 C:\\Users\\HP PC\\Desktop\\laravel-todo\\vendor\\laravel\\sanctum\\src\\SanctumServiceProvider.php(82): Illuminate\\Foundation\\Application->routesAreCached()
#8 C:\\Users\\HP PC\\Desktop\\laravel-todo\\vendor\\laravel\\sanctum\\src\\SanctumServiceProvider.php(58): Laravel\\Sanctum\\SanctumServiceProvider->defineRoutes()
#9 C:\\Users\\HP PC\\Desktop\\laravel-todo\\vendor\\laravel\\framework\\src\\Illuminate\\Container\\BoundMethod.php(36): Laravel\\Sanctum\\SanctumServiceProvider->boot()
#10 C:\\Users\\HP PC\\Desktop\\laravel-todo\\vendor\\laravel\\framework\\src\\Illuminate\\Container\\Util.php(41): Illuminate\\Container\\BoundMethod::Illuminate\\Container\\{closure}()
#11 C:\\Users\\HP PC\\Desktop\\laravel-todo\\vendor\\laravel\\framework\\src\\Illuminate\\Container\\BoundMethod.php(93): Illuminate\\Container\\Util::unwrapIfClosure(Object(Closure))
#12 C:\\Users\\HP PC\\Desktop\\laravel-todo\\vendor\\laravel\\framework\\src\\Illuminate\\Container\\BoundMethod.php(37): Illuminate\\Container\\BoundMethod::callBoundMethod(Object(Illuminate\\Foundation\\Application), Array, Object(Closure))
#13 C:\\Users\\HP PC\\Desktop\\laravel-todo\\vendor\\laravel\\framework\\src\\Illuminate\\Container\\Container.php(662): Illuminate\\Container\\BoundMethod::call(Object(Illuminate\\Foundation\\Application), Array, Array, NULL)
#14 C:\\Users\\HP PC\\Desktop\\laravel-todo\\vendor\\laravel\\framework\\src\\Illuminate\\Foundation\\Application.php(1059): Illuminate\\Container\\Container->call(Array)
#15 C:\\Users\\HP PC\\Desktop\\laravel-todo\\vendor\\laravel\\framework\\src\\Illuminate\\Foundation\\Application.php(1040): Illuminate\\Foundation\\Application->bootProvider(Object(Laravel\\Sanctum\\SanctumServiceProvider))
#16 [internal function]: Illuminate\\Foundation\\Application->Illuminate\\Foundation\\{closure}(Object(Laravel\\Sanctum\\SanctumServiceProvider), 3)
#17 C:\\Users\\HP PC\\Desktop\\laravel-todo\\vendor\\laravel\\framework\\src\\Illuminate\\Foundation\\Application.php(1041): array_walk(Array, Object(Closure))
#18 C:\\Users\\HP PC\\Desktop\\laravel-todo\\vendor\\laravel\\framework\\src\\Illuminate\\Foundation\\Bootstrap\\BootProviders.php(17): Illuminate\\Foundation\\Application->boot()
#19 C:\\Users\\HP PC\\Desktop\\laravel-todo\\vendor\\laravel\\framework\\src\\Illuminate\\Foundation\\Application.php(286): Illuminate\\Foundation\\Bootstrap\\BootProviders->bootstrap(Object(Illuminate\\Foundation\\Application))
#20 C:\\Users\\HP PC\\Desktop\\laravel-todo\\vendor\\laravel\\framework\\src\\Illuminate\\Foundation\\Console\\Kernel.php(447): Illuminate\\Foundation\\Application->bootstrapWith(Array)
#21 C:\\Users\\HP PC\\Desktop\\laravel-todo\\vendor\\laravel\\framework\\src\\Illuminate\\Foundation\\Console\\Kernel.php(199): Illuminate\\Foundation\\Console\\Kernel->bootstrap()
#22 C:\\Users\\HP PC\\Desktop\\laravel-todo\\artisan(12): Illuminate\\Foundation\\Console\\Kernel->handle(Object(Symfony\\Component\\Console\\Input\\ArgvInput), Object(Symfony\\Component\\Console\\Output\\ConsoleOutput))
#23 {main}
"} 
[2025-05-20 16:32:59] laravel.EMERGENCY: Unable to create configured logger. Using emergency logger. {"exception":"[object] (InvalidArgumentException(code: 0): Log [] is not defined. at C:\\Users\\HP PC\\Desktop\\laravel-todo\\vendor\\laravel\\framework\\src\\Illuminate\\Log\\LogManager.php:212)
[stacktrace]
#0 C:\\Users\\HP PC\\Desktop\\laravel-todo\\vendor\\laravel\\framework\\src\\Illuminate\\Log\\LogManager.php(137): Illuminate\\Log\\LogManager->resolve(NULL, NULL)
#1 C:\\Users\\HP PC\\Desktop\\laravel-todo\\vendor\\laravel\\framework\\src\\Illuminate\\Log\\LogManager.php(124): Illuminate\\Log\\LogManager->get(NULL)
#2 C:\\Users\\HP PC\\Desktop\\laravel-todo\\vendor\\laravel\\framework\\src\\Illuminate\\Log\\LogManager.php(681): Illuminate\\Log\\LogManager->driver()
#3 C:\\Users\\HP PC\\Desktop\\laravel-todo\\vendor\\laravel\\framework\\src\\Illuminate\\Foundation\\Exceptions\\Handler.php(317): Illuminate\\Log\\LogManager->error('Target class [f...', Array)
#4 C:\\Users\\HP PC\\Desktop\\laravel-todo\\vendor\\laravel\\framework\\src\\Illuminate\\Foundation\\Exceptions\\Handler.php(278): Illuminate\\Foundation\\Exceptions\\Handler->reportThrowable(Object(Illuminate\\Contracts\\Container\\BindingResolutionException))
#5 C:\\Users\\HP PC\\Desktop\\laravel-todo\\vendor\\laravel\\framework\\src\\Illuminate\\Foundation\\Console\\Kernel.php(523): Illuminate\\Foundation\\Exceptions\\Handler->report(Object(Illuminate\\Contracts\\Container\\BindingResolutionException))
#6 C:\\Users\\HP PC\\Desktop\\laravel-todo\\vendor\\laravel\\framework\\src\\Illuminate\\Foundation\\Console\\Kernel.php(203): Illuminate\\Foundation\\Console\\Kernel->reportException(Object(Illuminate\\Contracts\\Container\\BindingResolutionException))
#7 C:\\Users\\HP PC\\Desktop\\laravel-todo\\artisan(12): Illuminate\\Foundation\\Console\\Kernel->handle(Object(Symfony\\Component\\Console\\Input\\ArgvInput), Object(Symfony\\Component\\Console\\Output\\ConsoleOutput))
#8 {main}
"} 
[2025-05-20 16:32:59] laravel.ERROR: Target class [files] does not exist. {"exception":"[object] (Illuminate\\Contracts\\Container\\BindingResolutionException(code: 0): Target class [files] does not exist. at C:\\Users\\HP PC\\Desktop\\laravel-todo\\vendor\\laravel\\framework\\src\\Illuminate\\Container\\Container.php:914)
[stacktrace]
#0 C:\\Users\\HP PC\\Desktop\\laravel-todo\\vendor\\laravel\\framework\\src\\Illuminate\\Container\\Container.php(795): Illuminate\\Container\\Container->build('files')
#1 C:\\Users\\HP PC\\Desktop\\laravel-todo\\vendor\\laravel\\framework\\src\\Illuminate\\Foundation\\Application.php(986): Illuminate\\Container\\Container->resolve('files', Array, true)
#2 C:\\Users\\HP PC\\Desktop\\laravel-todo\\vendor\\laravel\\framework\\src\\Illuminate\\Container\\Container.php(731): Illuminate\\Foundation\\Application->resolve('files', Array)
#3 C:\\Users\\HP PC\\Desktop\\laravel-todo\\vendor\\laravel\\framework\\src\\Illuminate\\Foundation\\Application.php(971): Illuminate\\Container\\Container->make('files', Array)
#4 C:\\Users\\HP PC\\Desktop\\laravel-todo\\vendor\\laravel\\framework\\src\\Illuminate\\Container\\Container.php(1454): Illuminate\\Foundation\\Application->make('files')
#5 C:\\Users\\HP PC\\Desktop\\laravel-todo\\vendor\\laravel\\framework\\src\\Illuminate\\Foundation\\Application.php(1176): Illuminate\\Container\\Container->offsetGet('files')
#6 C:\\Users\\HP PC\\Desktop\\laravel-todo\\vendor\\laravel\\sanctum\\src\\SanctumServiceProvider.php(82): Illuminate\\Foundation\\Application->routesAreCached()
#7 C:\\Users\\HP PC\\Desktop\\laravel-todo\\vendor\\laravel\\sanctum\\src\\SanctumServiceProvider.php(58): Laravel\\Sanctum\\SanctumServiceProvider->defineRoutes()
#8 C:\\Users\\HP PC\\Desktop\\laravel-todo\\vendor\\laravel\\framework\\src\\Illuminate\\Container\\BoundMethod.php(36): Laravel\\Sanctum\\SanctumServiceProvider->boot()
#9 C:\\Users\\HP PC\\Desktop\\laravel-todo\\vendor\\laravel\\framework\\src\\Illuminate\\Container\\Util.php(41): Illuminate\\Container\\BoundMethod::Illuminate\\Container\\{closure}()
#10 C:\\Users\\HP PC\\Desktop\\laravel-todo\\vendor\\laravel\\framework\\src\\Illuminate\\Container\\BoundMethod.php(93): Illuminate\\Container\\Util::unwrapIfClosure(Object(Closure))
#11 C:\\Users\\HP PC\\Desktop\\laravel-todo\\vendor\\laravel\\framework\\src\\Illuminate\\Container\\BoundMethod.php(37): Illuminate\\Container\\BoundMethod::callBoundMethod(Object(Illuminate\\Foundation\\Application), Array, Object(Closure))
#12 C:\\Users\\HP PC\\Desktop\\laravel-todo\\vendor\\laravel\\framework\\src\\Illuminate\\Container\\Container.php(662): Illuminate\\Container\\BoundMethod::call(Object(Illuminate\\Foundation\\Application), Array, Array, NULL)
#13 C:\\Users\\HP PC\\Desktop\\laravel-todo\\vendor\\laravel\\framework\\src\\Illuminate\\Foundation\\Application.php(1059): Illuminate\\Container\\Container->call(Array)
#14 C:\\Users\\HP PC\\Desktop\\laravel-todo\\vendor\\laravel\\framework\\src\\Illuminate\\Foundation\\Application.php(1040): Illuminate\\Foundation\\Application->bootProvider(Object(Laravel\\Sanctum\\SanctumServiceProvider))
#15 [internal function]: Illuminate\\Foundation\\Application->Illuminate\\Foundation\\{closure}(Object(Laravel\\Sanctum\\SanctumServiceProvider), 3)
#16 C:\\Users\\HP PC\\Desktop\\laravel-todo\\vendor\\laravel\\framework\\src\\Illuminate\\Foundation\\Application.php(1041): array_walk(Array, Object(Closure))
#17 C:\\Users\\HP PC\\Desktop\\laravel-todo\\vendor\\laravel\\framework\\src\\Illuminate\\Foundation\\Bootstrap\\BootProviders.php(17): Illuminate\\Foundation\\Application->boot()
#18 C:\\Users\\HP PC\\Desktop\\laravel-todo\\vendor\\laravel\\framework\\src\\Illuminate\\Foundation\\Application.php(286): Illuminate\\Foundation\\Bootstrap\\BootProviders->bootstrap(Object(Illuminate\\Foundation\\Application))
#19 C:\\Users\\HP PC\\Desktop\\laravel-todo\\vendor\\laravel\\framework\\src\\Illuminate\\Foundation\\Console\\Kernel.php(447): Illuminate\\Foundation\\Application->bootstrapWith(Array)
#20 C:\\Users\\HP PC\\Desktop\\laravel-todo\\vendor\\laravel\\framework\\src\\Illuminate\\Foundation\\Console\\Kernel.php(199): Illuminate\\Foundation\\Console\\Kernel->bootstrap()
#21 C:\\Users\\HP PC\\Desktop\\laravel-todo\\artisan(12): Illuminate\\Foundation\\Console\\Kernel->handle(Object(Symfony\\Component\\Console\\Input\\ArgvInput), Object(Symfony\\Component\\Console\\Output\\ConsoleOutput))
#22 {main}

[previous exception] [object] (ReflectionException(code: -1): Class \"files\" does not exist at C:\\Users\\HP PC\\Desktop\\laravel-todo\\vendor\\laravel\\framework\\src\\Illuminate\\Container\\Container.php:912)
[stacktrace]
#0 C:\\Users\\HP PC\\Desktop\\laravel-todo\\vendor\\laravel\\framework\\src\\Illuminate\\Container\\Container.php(912): ReflectionClass->__construct('files')
#1 C:\\Users\\HP PC\\Desktop\\laravel-todo\\vendor\\laravel\\framework\\src\\Illuminate\\Container\\Container.php(795): Illuminate\\Container\\Container->build('files')
#2 C:\\Users\\HP PC\\Desktop\\laravel-todo\\vendor\\laravel\\framework\\src\\Illuminate\\Foundation\\Application.php(986): Illuminate\\Container\\Container->resolve('files', Array, true)
#3 C:\\Users\\HP PC\\Desktop\\laravel-todo\\vendor\\laravel\\framework\\src\\Illuminate\\Container\\Container.php(731): Illuminate\\Foundation\\Application->resolve('files', Array)
#4 C:\\Users\\HP PC\\Desktop\\laravel-todo\\vendor\\laravel\\framework\\src\\Illuminate\\Foundation\\Application.php(971): Illuminate\\Container\\Container->make('files', Array)
#5 C:\\Users\\HP PC\\Desktop\\laravel-todo\\vendor\\laravel\\framework\\src\\Illuminate\\Container\\Container.php(1454): Illuminate\\Foundation\\Application->make('files')
#6 C:\\Users\\HP PC\\Desktop\\laravel-todo\\vendor\\laravel\\framework\\src\\Illuminate\\Foundation\\Application.php(1176): Illuminate\\Container\\Container->offsetGet('files')
#7 C:\\Users\\HP PC\\Desktop\\laravel-todo\\vendor\\laravel\\sanctum\\src\\SanctumServiceProvider.php(82): Illuminate\\Foundation\\Application->routesAreCached()
#8 C:\\Users\\HP PC\\Desktop\\laravel-todo\\vendor\\laravel\\sanctum\\src\\SanctumServiceProvider.php(58): Laravel\\Sanctum\\SanctumServiceProvider->defineRoutes()
#9 C:\\Users\\HP PC\\Desktop\\laravel-todo\\vendor\\laravel\\framework\\src\\Illuminate\\Container\\BoundMethod.php(36): Laravel\\Sanctum\\SanctumServiceProvider->boot()
#10 C:\\Users\\HP PC\\Desktop\\laravel-todo\\vendor\\laravel\\framework\\src\\Illuminate\\Container\\Util.php(41): Illuminate\\Container\\BoundMethod::Illuminate\\Container\\{closure}()
#11 C:\\Users\\HP PC\\Desktop\\laravel-todo\\vendor\\laravel\\framework\\src\\Illuminate\\Container\\BoundMethod.php(93): Illuminate\\Container\\Util::unwrapIfClosure(Object(Closure))
#12 C:\\Users\\HP PC\\Desktop\\laravel-todo\\vendor\\laravel\\framework\\src\\Illuminate\\Container\\BoundMethod.php(37): Illuminate\\Container\\BoundMethod::callBoundMethod(Object(Illuminate\\Foundation\\Application), Array, Object(Closure))
#13 C:\\Users\\HP PC\\Desktop\\laravel-todo\\vendor\\laravel\\framework\\src\\Illuminate\\Container\\Container.php(662): Illuminate\\Container\\BoundMethod::call(Object(Illuminate\\Foundation\\Application), Array, Array, NULL)
#14 C:\\Users\\HP PC\\Desktop\\laravel-todo\\vendor\\laravel\\framework\\src\\Illuminate\\Foundation\\Application.php(1059): Illuminate\\Container\\Container->call(Array)
#15 C:\\Users\\HP PC\\Desktop\\laravel-todo\\vendor\\laravel\\framework\\src\\Illuminate\\Foundation\\Application.php(1040): Illuminate\\Foundation\\Application->bootProvider(Object(Laravel\\Sanctum\\SanctumServiceProvider))
#16 [internal function]: Illuminate\\Foundation\\Application->Illuminate\\Foundation\\{closure}(Object(Laravel\\Sanctum\\SanctumServiceProvider), 3)
#17 C:\\Users\\HP PC\\Desktop\\laravel-todo\\vendor\\laravel\\framework\\src\\Illuminate\\Foundation\\Application.php(1041): array_walk(Array, Object(Closure))
#18 C:\\Users\\HP PC\\Desktop\\laravel-todo\\vendor\\laravel\\framework\\src\\Illuminate\\Foundation\\Bootstrap\\BootProviders.php(17): Illuminate\\Foundation\\Application->boot()
#19 C:\\Users\\HP PC\\Desktop\\laravel-todo\\vendor\\laravel\\framework\\src\\Illuminate\\Foundation\\Application.php(286): Illuminate\\Foundation\\Bootstrap\\BootProviders->bootstrap(Object(Illuminate\\Foundation\\Application))
#20 C:\\Users\\HP PC\\Desktop\\laravel-todo\\vendor\\laravel\\framework\\src\\Illuminate\\Foundation\\Console\\Kernel.php(447): Illuminate\\Foundation\\Application->bootstrapWith(Array)
#21 C:\\Users\\HP PC\\Desktop\\laravel-todo\\vendor\\laravel\\framework\\src\\Illuminate\\Foundation\\Console\\Kernel.php(199): Illuminate\\Foundation\\Console\\Kernel->bootstrap()
#22 C:\\Users\\HP PC\\Desktop\\laravel-todo\\artisan(12): Illuminate\\Foundation\\Console\\Kernel->handle(Object(Symfony\\Component\\Console\\Input\\ArgvInput), Object(Symfony\\Component\\Console\\Output\\ConsoleOutput))
#23 {main}
"} 
[2025-05-20 16:34:19] laravel.EMERGENCY: Unable to create configured logger. Using emergency logger. {"exception":"[object] (InvalidArgumentException(code: 0): Log [] is not defined. at C:\\Users\\HP PC\\Desktop\\laravel-todo\\vendor\\laravel\\framework\\src\\Illuminate\\Log\\LogManager.php:212)
[stacktrace]
#0 C:\\Users\\HP PC\\Desktop\\laravel-todo\\vendor\\laravel\\framework\\src\\Illuminate\\Log\\LogManager.php(137): Illuminate\\Log\\LogManager->resolve(NULL, NULL)
#1 C:\\Users\\HP PC\\Desktop\\laravel-todo\\vendor\\laravel\\framework\\src\\Illuminate\\Log\\LogManager.php(124): Illuminate\\Log\\LogManager->get(NULL)
#2 C:\\Users\\HP PC\\Desktop\\laravel-todo\\vendor\\laravel\\framework\\src\\Illuminate\\Log\\LogManager.php(681): Illuminate\\Log\\LogManager->driver()
#3 C:\\Users\\HP PC\\Desktop\\laravel-todo\\vendor\\laravel\\framework\\src\\Illuminate\\Foundation\\Exceptions\\Handler.php(317): Illuminate\\Log\\LogManager->error('Cache store [fi...', Array)
#4 C:\\Users\\HP PC\\Desktop\\laravel-todo\\vendor\\laravel\\framework\\src\\Illuminate\\Foundation\\Exceptions\\Handler.php(278): Illuminate\\Foundation\\Exceptions\\Handler->reportThrowable(Object(InvalidArgumentException))
#5 C:\\Users\\HP PC\\Desktop\\laravel-todo\\vendor\\laravel\\framework\\src\\Illuminate\\Foundation\\Console\\Kernel.php(523): Illuminate\\Foundation\\Exceptions\\Handler->report(Object(InvalidArgumentException))
#6 C:\\Users\\HP PC\\Desktop\\laravel-todo\\vendor\\laravel\\framework\\src\\Illuminate\\Foundation\\Console\\Kernel.php(203): Illuminate\\Foundation\\Console\\Kernel->reportException(Object(InvalidArgumentException))
#7 C:\\Users\\HP PC\\Desktop\\laravel-todo\\artisan(12): Illuminate\\Foundation\\Console\\Kernel->handle(Object(Symfony\\Component\\Console\\Input\\ArgvInput), Object(Symfony\\Component\\Console\\Output\\ConsoleOutput))
#8 {main}
"} 
[2025-05-20 16:34:19] laravel.ERROR: Cache store [file] is not defined. {"exception":"[object] (InvalidArgumentException(code: 0): Cache store [file] is not defined. at C:\\Users\\HP PC\\Desktop\\laravel-todo\\vendor\\laravel\\framework\\src\\Illuminate\\Cache\\CacheManager.php:88)
[stacktrace]
#0 C:\\Users\\HP PC\\Desktop\\laravel-todo\\vendor\\laravel\\framework\\src\\Illuminate\\Cache\\CacheManager.php(61): Illuminate\\Cache\\CacheManager->resolve('file')
#1 C:\\Users\\HP PC\\Desktop\\laravel-todo\\vendor\\laravel\\framework\\src\\Illuminate\\Cache\\CacheManager.php(72): Illuminate\\Cache\\CacheManager->store('file')
#2 C:\\Users\\HP PC\\Desktop\\laravel-todo\\vendor\\laravel\\framework\\src\\Illuminate\\Cache\\CacheServiceProvider.php(36): Illuminate\\Cache\\CacheManager->driver(NULL)
#3 C:\\Users\\HP PC\\Desktop\\laravel-todo\\vendor\\laravel\\framework\\src\\Illuminate\\Container\\Container.php(908): Illuminate\\Cache\\CacheServiceProvider->Illuminate\\Cache\\{closure}(Object(Illuminate\\Foundation\\Application), Array)
#4 C:\\Users\\HP PC\\Desktop\\laravel-todo\\vendor\\laravel\\framework\\src\\Illuminate\\Container\\Container.php(795): Illuminate\\Container\\Container->build(Object(Closure))
#5 C:\\Users\\HP PC\\Desktop\\laravel-todo\\vendor\\laravel\\framework\\src\\Illuminate\\Foundation\\Application.php(986): Illuminate\\Container\\Container->resolve('Illuminate\\\\Cach...', Array, true)
#6 C:\\Users\\HP PC\\Desktop\\laravel-todo\\vendor\\laravel\\framework\\src\\Illuminate\\Container\\Container.php(731): Illuminate\\Foundation\\Application->resolve('Illuminate\\\\Cach...', Array)
#7 C:\\Users\\HP PC\\Desktop\\laravel-todo\\vendor\\laravel\\framework\\src\\Illuminate\\Foundation\\Application.php(971): Illuminate\\Container\\Container->make('Illuminate\\\\Cach...', Array)
#8 C:\\Users\\HP PC\\Desktop\\laravel-todo\\vendor\\laravel\\framework\\src\\Illuminate\\Container\\Container.php(1454): Illuminate\\Foundation\\Application->make('Illuminate\\\\Cach...')
#9 C:\\Users\\HP PC\\Desktop\\laravel-todo\\vendor\\laravel\\framework\\src\\Illuminate\\Support\\Facades\\Facade.php(237): Illuminate\\Container\\Container->offsetGet('Illuminate\\\\Cach...')
#10 C:\\Users\\HP PC\\Desktop\\laravel-todo\\vendor\\laravel\\framework\\src\\Illuminate\\Support\\Facades\\Facade.php(208): Illuminate\\Support\\Facades\\Facade::resolveFacadeInstance('Illuminate\\\\Cach...')
#11 C:\\Users\\HP PC\\Desktop\\laravel-todo\\vendor\\laravel\\framework\\src\\Illuminate\\Support\\Facades\\Facade.php(349): Illuminate\\Support\\Facades\\Facade::getFacadeRoot()
#12 C:\\Users\\HP PC\\Desktop\\laravel-todo\\vendor\\laravel\\laravel\\app\\Providers\\RouteServiceProvider.php(29): Illuminate\\Support\\Facades\\Facade::__callStatic('for', Array)
#13 C:\\Users\\HP PC\\Desktop\\laravel-todo\\vendor\\laravel\\framework\\src\\Illuminate\\Container\\BoundMethod.php(36): App\\Providers\\RouteServiceProvider->boot()
#14 C:\\Users\\HP PC\\Desktop\\laravel-todo\\vendor\\laravel\\framework\\src\\Illuminate\\Container\\Util.php(41): Illuminate\\Container\\BoundMethod::Illuminate\\Container\\{closure}()
#15 C:\\Users\\HP PC\\Desktop\\laravel-todo\\vendor\\laravel\\framework\\src\\Illuminate\\Container\\BoundMethod.php(93): Illuminate\\Container\\Util::unwrapIfClosure(Object(Closure))
#16 C:\\Users\\HP PC\\Desktop\\laravel-todo\\vendor\\laravel\\framework\\src\\Illuminate\\Container\\BoundMethod.php(37): Illuminate\\Container\\BoundMethod::callBoundMethod(Object(Illuminate\\Foundation\\Application), Array, Object(Closure))
#17 C:\\Users\\HP PC\\Desktop\\laravel-todo\\vendor\\laravel\\framework\\src\\Illuminate\\Container\\Container.php(662): Illuminate\\Container\\BoundMethod::call(Object(Illuminate\\Foundation\\Application), Array, Array, NULL)
#18 C:\\Users\\HP PC\\Desktop\\laravel-todo\\vendor\\laravel\\framework\\src\\Illuminate\\Foundation\\Application.php(1059): Illuminate\\Container\\Container->call(Array)
#19 C:\\Users\\HP PC\\Desktop\\laravel-todo\\vendor\\laravel\\framework\\src\\Illuminate\\Foundation\\Application.php(1040): Illuminate\\Foundation\\Application->bootProvider(Object(App\\Providers\\RouteServiceProvider))
#20 [internal function]: Illuminate\\Foundation\\Application->Illuminate\\Foundation\\{closure}(Object(App\\Providers\\RouteServiceProvider), 21)
#21 C:\\Users\\HP PC\\Desktop\\laravel-todo\\vendor\\laravel\\framework\\src\\Illuminate\\Foundation\\Application.php(1041): array_walk(Array, Object(Closure))
#22 C:\\Users\\HP PC\\Desktop\\laravel-todo\\vendor\\laravel\\framework\\src\\Illuminate\\Foundation\\Bootstrap\\BootProviders.php(17): Illuminate\\Foundation\\Application->boot()
#23 C:\\Users\\HP PC\\Desktop\\laravel-todo\\vendor\\laravel\\framework\\src\\Illuminate\\Foundation\\Application.php(286): Illuminate\\Foundation\\Bootstrap\\BootProviders->bootstrap(Object(Illuminate\\Foundation\\Application))
#24 C:\\Users\\HP PC\\Desktop\\laravel-todo\\vendor\\laravel\\framework\\src\\Illuminate\\Foundation\\Console\\Kernel.php(447): Illuminate\\Foundation\\Application->bootstrapWith(Array)
#25 C:\\Users\\HP PC\\Desktop\\laravel-todo\\vendor\\laravel\\framework\\src\\Illuminate\\Foundation\\Console\\Kernel.php(199): Illuminate\\Foundation\\Console\\Kernel->bootstrap()
#26 C:\\Users\\HP PC\\Desktop\\laravel-todo\\artisan(12): Illuminate\\Foundation\\Console\\Kernel->handle(Object(Symfony\\Component\\Console\\Input\\ArgvInput), Object(Symfony\\Component\\Console\\Output\\ConsoleOutput))
#27 {main}
"} 
[2025-05-20 16:35:12] laravel.EMERGENCY: Unable to create configured logger. Using emergency logger. {"exception":"[object] (InvalidArgumentException(code: 0): Log [] is not defined. at C:\\Users\\HP PC\\Desktop\\laravel-todo\\vendor\\laravel\\framework\\src\\Illuminate\\Log\\LogManager.php:212)
[stacktrace]
#0 C:\\Users\\HP PC\\Desktop\\laravel-todo\\vendor\\laravel\\framework\\src\\Illuminate\\Log\\LogManager.php(137): Illuminate\\Log\\LogManager->resolve(NULL, NULL)
#1 C:\\Users\\HP PC\\Desktop\\laravel-todo\\vendor\\laravel\\framework\\src\\Illuminate\\Log\\LogManager.php(124): Illuminate\\Log\\LogManager->get(NULL)
#2 C:\\Users\\HP PC\\Desktop\\laravel-todo\\vendor\\laravel\\framework\\src\\Illuminate\\Log\\LogManager.php(681): Illuminate\\Log\\LogManager->driver()
#3 C:\\Users\\HP PC\\Desktop\\laravel-todo\\vendor\\laravel\\framework\\src\\Illuminate\\Foundation\\Exceptions\\Handler.php(317): Illuminate\\Log\\LogManager->error('require(C:\\\\User...', Array)
#4 C:\\Users\\HP PC\\Desktop\\laravel-todo\\vendor\\laravel\\framework\\src\\Illuminate\\Foundation\\Exceptions\\Handler.php(278): Illuminate\\Foundation\\Exceptions\\Handler->reportThrowable(Object(ErrorException))
#5 C:\\Users\\HP PC\\Desktop\\laravel-todo\\vendor\\laravel\\framework\\src\\Illuminate\\Foundation\\Console\\Kernel.php(523): Illuminate\\Foundation\\Exceptions\\Handler->report(Object(ErrorException))
#6 C:\\Users\\HP PC\\Desktop\\laravel-todo\\vendor\\laravel\\framework\\src\\Illuminate\\Foundation\\Console\\Kernel.php(203): Illuminate\\Foundation\\Console\\Kernel->reportException(Object(ErrorException))
#7 C:\\Users\\HP PC\\Desktop\\laravel-todo\\artisan(12): Illuminate\\Foundation\\Console\\Kernel->handle(Object(Symfony\\Component\\Console\\Input\\ArgvInput), Object(Symfony\\Component\\Console\\Output\\ConsoleOutput))
#8 {main}
"} 
[2025-05-20 16:35:12] laravel.ERROR: require(C:\Users\HP PC\Desktop\laravel-todo\routes/api.php): Failed to open stream: No such file or directory {"exception":"[object] (ErrorException(code: 0): require(C:\\Users\\HP PC\\Desktop\\laravel-todo\\routes/api.php): Failed to open stream: No such file or directory at C:\\Users\\HP PC\\Desktop\\laravel-todo\\vendor\\laravel\\framework\\src\\Illuminate\\Routing\\RouteFileRegistrar.php:35)
[stacktrace]
#0 C:\\Users\\HP PC\\Desktop\\laravel-todo\\vendor\\laravel\\framework\\src\\Illuminate\\Foundation\\Bootstrap\\HandleExceptions.php(255): Illuminate\\Foundation\\Bootstrap\\HandleExceptions->handleError(2, 'require(C:\\\\User...', 'C:\\\\Users\\\\HP PC\\\\...', 35)
#1 C:\\Users\\HP PC\\Desktop\\laravel-todo\\vendor\\laravel\\framework\\src\\Illuminate\\Routing\\RouteFileRegistrar.php(35): Illuminate\\Foundation\\Bootstrap\\HandleExceptions->Illuminate\\Foundation\\Bootstrap\\{closure}(2, 'require(C:\\\\User...', 'C:\\\\Users\\\\HP PC\\\\...', 35)
#2 C:\\Users\\HP PC\\Desktop\\laravel-todo\\vendor\\laravel\\framework\\src\\Illuminate\\Routing\\RouteFileRegistrar.php(35): require('C:\\\\Users\\\\HP PC\\\\...')
#3 C:\\Users\\HP PC\\Desktop\\laravel-todo\\vendor\\laravel\\framework\\src\\Illuminate\\Routing\\Router.php(511): Illuminate\\Routing\\RouteFileRegistrar->register('C:\\\\Users\\\\HP PC\\\\...')
#4 C:\\Users\\HP PC\\Desktop\\laravel-todo\\vendor\\laravel\\framework\\src\\Illuminate\\Routing\\Router.php(465): Illuminate\\Routing\\Router->loadRoutes('C:\\\\Users\\\\HP PC\\\\...')
#5 C:\\Users\\HP PC\\Desktop\\laravel-todo\\vendor\\laravel\\framework\\src\\Illuminate\\Routing\\RouteRegistrar.php(194): Illuminate\\Routing\\Router->group(Array, 'C:\\\\Users\\\\HP PC\\\\...')
#6 C:\\Users\\HP PC\\Desktop\\laravel-todo\\vendor\\laravel\\laravel\\app\\Providers\\RouteServiceProvider.php(34): Illuminate\\Routing\\RouteRegistrar->group('C:\\\\Users\\\\HP PC\\\\...')
#7 C:\\Users\\HP PC\\Desktop\\laravel-todo\\vendor\\laravel\\framework\\src\\Illuminate\\Container\\BoundMethod.php(36): App\\Providers\\RouteServiceProvider->App\\Providers\\{closure}()
#8 C:\\Users\\HP PC\\Desktop\\laravel-todo\\vendor\\laravel\\framework\\src\\Illuminate\\Container\\Util.php(41): Illuminate\\Container\\BoundMethod::Illuminate\\Container\\{closure}()
#9 C:\\Users\\HP PC\\Desktop\\laravel-todo\\vendor\\laravel\\framework\\src\\Illuminate\\Container\\BoundMethod.php(81): Illuminate\\Container\\Util::unwrapIfClosure(Object(Closure))
#10 C:\\Users\\HP PC\\Desktop\\laravel-todo\\vendor\\laravel\\framework\\src\\Illuminate\\Container\\BoundMethod.php(37): Illuminate\\Container\\BoundMethod::callBoundMethod(Object(Illuminate\\Foundation\\Application), Object(Closure), Object(Closure))
#11 C:\\Users\\HP PC\\Desktop\\laravel-todo\\vendor\\laravel\\framework\\src\\Illuminate\\Container\\Container.php(662): Illuminate\\Container\\BoundMethod::call(Object(Illuminate\\Foundation\\Application), Object(Closure), Array, NULL)
#12 C:\\Users\\HP PC\\Desktop\\laravel-todo\\vendor\\laravel\\framework\\src\\Illuminate\\Foundation\\Support\\Providers\\RouteServiceProvider.php(120): Illuminate\\Container\\Container->call(Object(Closure))
#13 C:\\Users\\HP PC\\Desktop\\laravel-todo\\vendor\\laravel\\framework\\src\\Illuminate\\Foundation\\Support\\Providers\\RouteServiceProvider.php(45): Illuminate\\Foundation\\Support\\Providers\\RouteServiceProvider->loadRoutes()
#14 C:\\Users\\HP PC\\Desktop\\laravel-todo\\vendor\\laravel\\framework\\src\\Illuminate\\Container\\BoundMethod.php(36): Illuminate\\Foundation\\Support\\Providers\\RouteServiceProvider->Illuminate\\Foundation\\Support\\Providers\\{closure}()
#15 C:\\Users\\HP PC\\Desktop\\laravel-todo\\vendor\\laravel\\framework\\src\\Illuminate\\Container\\Util.php(41): Illuminate\\Container\\BoundMethod::Illuminate\\Container\\{closure}()
#16 C:\\Users\\HP PC\\Desktop\\laravel-todo\\vendor\\laravel\\framework\\src\\Illuminate\\Container\\BoundMethod.php(81): Illuminate\\Container\\Util::unwrapIfClosure(Object(Closure))
#17 C:\\Users\\HP PC\\Desktop\\laravel-todo\\vendor\\laravel\\framework\\src\\Illuminate\\Container\\BoundMethod.php(37): Illuminate\\Container\\BoundMethod::callBoundMethod(Object(Illuminate\\Foundation\\Application), Object(Closure), Object(Closure))
#18 C:\\Users\\HP PC\\Desktop\\laravel-todo\\vendor\\laravel\\framework\\src\\Illuminate\\Container\\Container.php(662): Illuminate\\Container\\BoundMethod::call(Object(Illuminate\\Foundation\\Application), Object(Closure), Array, NULL)
#19 C:\\Users\\HP PC\\Desktop\\laravel-todo\\vendor\\laravel\\framework\\src\\Illuminate\\Support\\ServiceProvider.php(119): Illuminate\\Container\\Container->call(Object(Closure))
#20 C:\\Users\\HP PC\\Desktop\\laravel-todo\\vendor\\laravel\\framework\\src\\Illuminate\\Foundation\\Application.php(1062): Illuminate\\Support\\ServiceProvider->callBootedCallbacks()
#21 C:\\Users\\HP PC\\Desktop\\laravel-todo\\vendor\\laravel\\framework\\src\\Illuminate\\Foundation\\Application.php(1040): Illuminate\\Foundation\\Application->bootProvider(Object(App\\Providers\\RouteServiceProvider))
#22 [internal function]: Illuminate\\Foundation\\Application->Illuminate\\Foundation\\{closure}(Object(App\\Providers\\RouteServiceProvider), 21)
#23 C:\\Users\\HP PC\\Desktop\\laravel-todo\\vendor\\laravel\\framework\\src\\Illuminate\\Foundation\\Application.php(1041): array_walk(Array, Object(Closure))
#24 C:\\Users\\HP PC\\Desktop\\laravel-todo\\vendor\\laravel\\framework\\src\\Illuminate\\Foundation\\Bootstrap\\BootProviders.php(17): Illuminate\\Foundation\\Application->boot()
#25 C:\\Users\\HP PC\\Desktop\\laravel-todo\\vendor\\laravel\\framework\\src\\Illuminate\\Foundation\\Application.php(286): Illuminate\\Foundation\\Bootstrap\\BootProviders->bootstrap(Object(Illuminate\\Foundation\\Application))
#26 C:\\Users\\HP PC\\Desktop\\laravel-todo\\vendor\\laravel\\framework\\src\\Illuminate\\Foundation\\Console\\Kernel.php(447): Illuminate\\Foundation\\Application->bootstrapWith(Array)
#27 C:\\Users\\HP PC\\Desktop\\laravel-todo\\vendor\\laravel\\framework\\src\\Illuminate\\Foundation\\Console\\Kernel.php(199): Illuminate\\Foundation\\Console\\Kernel->bootstrap()
#28 C:\\Users\\HP PC\\Desktop\\laravel-todo\\artisan(12): Illuminate\\Foundation\\Console\\Kernel->handle(Object(Symfony\\Component\\Console\\Input\\ArgvInput), Object(Symfony\\Component\\Console\\Output\\ConsoleOutput))
#29 {main}
"} 
